<?xml version="1.0" encoding="UTF-8"?>
<!-- Generated by org.testng.reporters.JUnitReportReporter -->
<testsuite skipped="0" hostname="DESKTOP-3LQ5U4R" name="com.code1.FirstClass" tests="1" failures="0" timestamp="2022-07-12T20:50:19 IST" time="8.204" errors="0">
  <testcase name="openUrl" time="8.204" classname="com.code1.FirstClass"/>
  <system-out/>
</testsuite> <!-- com.code1.FirstClass -->
